c:\users\sumil\onedrive\デスクトップ\glew-2.2.0\build\vc15\tmp\glew_shared\debug\win32\vc141.pdb
c:\users\sumil\onedrive\デスクトップ\glew-2.2.0\build\vc15\tmp\glew_shared\debug\win32\glew.obj
c:\users\sumil\source\repos\graphicproject\glew-2.2.0\build\vc15\tmp\glew_shared\debug\win32\vc141.pdb
c:\users\sumil\source\repos\graphicproject\glew-2.2.0\build\vc15\tmp\glew_shared\debug\win32\glew.obj
c:\users\sumil\onedrive\デスクトップ\glew-2.2.0\lib\debug\win32\glew32d.lib
c:\users\sumil\onedrive\デスクトップ\glew-2.2.0\lib\debug\win32\glew32d.exp
c:\users\sumil\source\repos\graphicproject\glew-2.2.0\lib\debug\win32\glew32d.lib
c:\users\sumil\source\repos\graphicproject\glew-2.2.0\lib\debug\win32\glew32d.exp
c:\users\sumil\onedrive\デスクトップ\glew-2.2.0\bin\debug\win32\glew32d.dll
c:\users\sumil\onedrive\デスクトップ\glew-2.2.0\bin\debug\win32\glew32d.pdb
c:\users\sumil\source\repos\graphicproject\glew-2.2.0\bin\debug\win32\glew32d.dll
c:\users\sumil\source\repos\graphicproject\glew-2.2.0\bin\debug\win32\glew32d.pdb
c:\users\sumil\onedrive\デスクトップ\glew-2.2.0\build\vc15\tmp\glew_shared\debug\win32\glew.res
c:\users\sumil\source\repos\graphicproject\glew-2.2.0\build\vc15\tmp\glew_shared\debug\win32\glew.res
c:\users\sumil\source\repos\graphicproject\glew-2.2.0\build\vc15\..\..\bin\debug\win32\glew32d.dll
c:\users\sumil\source\repos\graphicproject\glew-2.2.0\build\vc15\tmp\glew_shared\debug\win32\glew_shared.tlog\cl.command.1.tlog
c:\users\sumil\source\repos\graphicproject\glew-2.2.0\build\vc15\tmp\glew_shared\debug\win32\glew_shared.tlog\cl.read.1.tlog
c:\users\sumil\source\repos\graphicproject\glew-2.2.0\build\vc15\tmp\glew_shared\debug\win32\glew_shared.tlog\cl.write.1.tlog
c:\users\sumil\source\repos\graphicproject\glew-2.2.0\build\vc15\tmp\glew_shared\debug\win32\glew_shared.tlog\glew_shared.write.1u.tlog
c:\users\sumil\source\repos\graphicproject\glew-2.2.0\build\vc15\tmp\glew_shared\debug\win32\glew_shared.tlog\link.command.1.tlog
c:\users\sumil\source\repos\graphicproject\glew-2.2.0\build\vc15\tmp\glew_shared\debug\win32\glew_shared.tlog\link.read.1.tlog
c:\users\sumil\source\repos\graphicproject\glew-2.2.0\build\vc15\tmp\glew_shared\debug\win32\glew_shared.tlog\link.write.1.tlog
c:\users\sumil\source\repos\graphicproject\glew-2.2.0\build\vc15\tmp\glew_shared\debug\win32\glew_shared.tlog\rc.command.1.tlog
c:\users\sumil\source\repos\graphicproject\glew-2.2.0\build\vc15\tmp\glew_shared\debug\win32\glew_shared.tlog\rc.read.1.tlog
c:\users\sumil\source\repos\graphicproject\glew-2.2.0\build\vc15\tmp\glew_shared\debug\win32\glew_shared.tlog\rc.write.1.tlog
